Build started 20/08/2023 12:01:14 AM.
     1>Project "D:\Study\AUST\CSE 1200\Game Project\PikaRun\PikaRun\PikaRun\PikaRun.vcxproj" on node 2 (build target(s)).
     1>InitializeBuildStatus:
         Creating "Debug\PikaRun.unsuccessfulbuild" because "AlwaysCreate" was specified.
       ClCompile:
         d:\program files\vs2010\VC\bin\CL.exe /c /ZI /nologo /W3 /WX- /Od /Oy- /D _MBCS /Gm /EHsc /RTC1 /MDd /GS /fp:precise /Zc:wchar_t /Zc:forScope /Fo"Debug\\" /Fd"Debug\vc100.pdb" /Gd /TP /analyze- /errorReport:prompt iMain.cpp
         iMain.cpp
     1>d:\study\aust\cse 1200\game project\pikarun\pikarun\pikarun\score.h(5): warning C4996: 'fopen': This function or variable may be unsafe. Consider using fopen_s instead. To disable deprecation, use _CRT_SECURE_NO_WARNINGS. See online help for details.
                 d:\program files\vs2010\vc\include\stdio.h(234) : see declaration of 'fopen'
     1>d:\study\aust\cse 1200\game project\pikarun\pikarun\pikarun\score.h(17): warning C4996: 'fopen': This function or variable may be unsafe. Consider using fopen_s instead. To disable deprecation, use _CRT_SECURE_NO_WARNINGS. See online help for details.
                 d:\program files\vs2010\vc\include\stdio.h(234) : see declaration of 'fopen'
     1>d:\study\aust\cse 1200\game project\pikarun\pikarun\pikarun\score.h(19): warning C4996: 'fscanf': This function or variable may be unsafe. Consider using fscanf_s instead. To disable deprecation, use _CRT_SECURE_NO_WARNINGS. See online help for details.
                 d:\program files\vs2010\vc\include\stdio.h(253) : see declaration of 'fscanf'
     1>d:\study\aust\cse 1200\game project\pikarun\pikarun\pikarun\score.h(35): warning C4996: 'strcpy': This function or variable may be unsafe. Consider using strcpy_s instead. To disable deprecation, use _CRT_SECURE_NO_WARNINGS. See online help for details.
                 d:\program files\vs2010\vc\include\string.h(105) : see declaration of 'strcpy'
     1>d:\study\aust\cse 1200\game project\pikarun\pikarun\pikarun\score.h(36): warning C4996: 'strcpy': This function or variable may be unsafe. Consider using strcpy_s instead. To disable deprecation, use _CRT_SECURE_NO_WARNINGS. See online help for details.
                 d:\program files\vs2010\vc\include\string.h(105) : see declaration of 'strcpy'
     1>d:\study\aust\cse 1200\game project\pikarun\pikarun\pikarun\score.h(37): warning C4996: 'strcpy': This function or variable may be unsafe. Consider using strcpy_s instead. To disable deprecation, use _CRT_SECURE_NO_WARNINGS. See online help for details.
                 d:\program files\vs2010\vc\include\string.h(105) : see declaration of 'strcpy'
     1>d:\study\aust\cse 1200\game project\pikarun\pikarun\pikarun\score.h(39): warning C4996: 'strcpy': This function or variable may be unsafe. Consider using strcpy_s instead. To disable deprecation, use _CRT_SECURE_NO_WARNINGS. See online help for details.
                 d:\program files\vs2010\vc\include\string.h(105) : see declaration of 'strcpy'
     1>d:\study\aust\cse 1200\game project\pikarun\pikarun\pikarun\score.h(40): warning C4996: 'strcpy': This function or variable may be unsafe. Consider using strcpy_s instead. To disable deprecation, use _CRT_SECURE_NO_WARNINGS. See online help for details.
                 d:\program files\vs2010\vc\include\string.h(105) : see declaration of 'strcpy'
     1>d:\study\aust\cse 1200\game project\pikarun\pikarun\pikarun\score.h(41): warning C4996: 'strcpy': This function or variable may be unsafe. Consider using strcpy_s instead. To disable deprecation, use _CRT_SECURE_NO_WARNINGS. See online help for details.
                 d:\program files\vs2010\vc\include\string.h(105) : see declaration of 'strcpy'
     1>d:\study\aust\cse 1200\game project\pikarun\pikarun\pikarun\timer.h(173): warning C4996: 'sprintf': This function or variable may be unsafe. Consider using sprintf_s instead. To disable deprecation, use _CRT_SECURE_NO_WARNINGS. See online help for details.
                 d:\program files\vs2010\vc\include\stdio.h(371) : see declaration of 'sprintf'
       Link:
         d:\program files\vs2010\VC\bin\link.exe /ERRORREPORT:PROMPT /OUT:"D:\Study\AUST\CSE 1200\Game Project\PikaRun\PikaRun\Debug\PikaRun.exe" /NOLOGO kernel32.lib user32.lib gdi32.lib winspool.lib comdlg32.lib advapi32.lib shell32.lib ole32.lib oleaut32.lib uuid.lib odbc32.lib odbccp32.lib /MANIFEST /ManifestFile:"Debug\PikaRun.exe.intermediate.manifest" /MANIFESTUAC:"level='asInvoker' uiAccess='false'" /DEBUG /PDB:"D:\Study\AUST\CSE 1200\Game Project\PikaRun\PikaRun\Debug\PikaRun.pdb" /TLBID:1 /DYNAMICBASE /NXCOMPAT /IMPLIB:"D:\Study\AUST\CSE 1200\Game Project\PikaRun\PikaRun\Debug\PikaRun.lib" /MACHINE:X86 Debug\iMain.obj
         LINK : D:\Study\AUST\CSE 1200\Game Project\PikaRun\PikaRun\Debug\PikaRun.exe not found or not built by the last incremental link; performing full link
         PikaRun.vcxproj -> D:\Study\AUST\CSE 1200\Game Project\PikaRun\PikaRun\Debug\PikaRun.exe
       Manifest:
         C:\Program Files (x86)\Microsoft SDKs\Windows\v7.0A\bin\mt.exe /nologo /verbose /outputresource:"D:\Study\AUST\CSE 1200\Game Project\PikaRun\PikaRun\Debug\PikaRun.exe;#1" /manifest Debug\PikaRun.exe.intermediate.manifest
       CopyFilesToOutputDirectory:
         Copying file from "Debug\PikaRun.pdb" to "D:\Study\AUST\CSE 1200\Game Project\PikaRun\PikaRun\Debug\PikaRun.pdb".
       FinalizeBuildStatus:
         Deleting file "Debug\PikaRun.unsuccessfulbuild".
         Touching "Debug\PikaRun.lastbuildstate".
     1>Done Building Project "D:\Study\AUST\CSE 1200\Game Project\PikaRun\PikaRun\PikaRun\PikaRun.vcxproj" (build target(s)).

Build succeeded.

Time Elapsed 00:00:02.55
